[2022-04-29 13:22:07,398] {taskinstance.py:1037} INFO - Dependencies all met for <TaskInstance: qqqq.monitor scheduled__2022-04-28T00:00:00+00:00 [queued]>
[2022-04-29 13:22:07,409] {taskinstance.py:1037} INFO - Dependencies all met for <TaskInstance: qqqq.monitor scheduled__2022-04-28T00:00:00+00:00 [queued]>
[2022-04-29 13:22:07,409] {taskinstance.py:1243} INFO - 
--------------------------------------------------------------------------------
[2022-04-29 13:22:07,410] {taskinstance.py:1244} INFO - Starting attempt 1 of 1
[2022-04-29 13:22:07,410] {taskinstance.py:1245} INFO - 
--------------------------------------------------------------------------------
[2022-04-29 13:22:07,423] {taskinstance.py:1264} INFO - Executing <Task(SparkKubernetesSensor): monitor> on 2022-04-28 00:00:00+00:00
[2022-04-29 13:22:07,430] {standard_task_runner.py:52} INFO - Started process 26 to run task
[2022-04-29 13:22:07,445] {standard_task_runner.py:76} INFO - Running: ['airflow', 'tasks', 'run', 'qqqq', 'monitor', 'scheduled__2022-04-28T00:00:00+00:00', '--job-id', '20', '--raw', '--subdir', 'DAGS_FOLDER/sp_rodaporfavor.py', '--cfg-path', '/tmp/tmpd9qabm27', '--error-file', '/tmp/tmpgovukucm']
[2022-04-29 13:22:07,450] {standard_task_runner.py:77} INFO - Job 20: Subtask monitor
[2022-04-29 13:22:07,553] {logging_mixin.py:109} INFO - Running <TaskInstance: qqqq.monitor scheduled__2022-04-28T00:00:00+00:00 [running]> on host qqqqmonitor.1d9affe0bf804cfa93672466d2c3405f
[2022-04-29 13:22:07,672] {taskinstance.py:1431} INFO - Exporting the following env vars:
AIRFLOW_CTX_DAG_OWNER=airflow
AIRFLOW_CTX_DAG_ID=qqqq
AIRFLOW_CTX_TASK_ID=monitor
AIRFLOW_CTX_EXECUTION_DATE=2022-04-28T00:00:00+00:00
AIRFLOW_CTX_DAG_RUN_ID=scheduled__2022-04-28T00:00:00+00:00
[2022-04-29 13:22:07,680] {spark_kubernetes.py:98} INFO - Poking: job-pi-13-21-55
[2022-04-29 13:22:07,716] {spark_kubernetes.py:118} INFO - Spark application is still in state: RUNNING
[2022-04-29 13:23:07,770] {spark_kubernetes.py:98} INFO - Poking: job-pi-13-21-55
[2022-04-29 13:23:07,803] {spark_kubernetes.py:87} INFO - ++ id -u
+ myuid=185
++ id -g
+ mygid=0
+ set +e
++ getent passwd 185
+ uidentry=
+ set -e
+ '[' -z '' ']'
+ '[' -w /etc/passwd ']'
+ echo '185:x:185:0:anonymous uid:/opt/spark:/bin/false'
+ SPARK_CLASSPATH=':/opt/spark/jars/*'
+ grep SPARK_JAVA_OPT_
+ sort -t_ -k4 -n
+ sed 's/[^=]*=\(.*\)/\1/g'
+ env
+ readarray -t SPARK_EXECUTOR_JAVA_OPTS
+ '[' -n '' ']'
+ '[' -z ']'
+ '[' -z ']'
+ '[' -n '' ']'
+ '[' -z ']'
+ '[' -z x ']'
+ SPARK_CLASSPATH='/opt/spark/conf::/opt/spark/jars/*'
+ case "$1" in
+ shift 1
+ CMD=("$SPARK_HOME/bin/spark-submit" --conf "spark.driver.bindAddress=$SPARK_DRIVER_BIND_ADDRESS" --deploy-mode client "$@")
+ exec /usr/bin/tini -s -- /opt/spark/bin/spark-submit --conf spark.driver.bindAddress=172.17.0.9 --deploy-mode client --properties-file /opt/spark/conf/spark.properties --class org.apache.spark.deploy.PythonRunner local:///opt/spark/examples/src/main/python/pi.py
WARNING: An illegal reflective access operation has occurred
WARNING: Illegal reflective access by org.apache.spark.unsafe.Platform (file:/opt/spark/jars/spark-unsafe_2.12-3.1.1.jar) to constructor java.nio.DirectByteBuffer(long,int)
WARNING: Please consider reporting this to the maintainers of org.apache.spark.unsafe.Platform
WARNING: Use --illegal-access=warn to enable warnings of further illegal reflective access operations
WARNING: All illegal access operations will be denied in a future release
22/04/29 13:22:06 WARN NativeCodeLoader: Unable to load native-hadoop library for your platform... using builtin-java classes where applicable
Using Spark's default log4j profile: org/apache/spark/log4j-defaults.properties
22/04/29 13:22:07 INFO SparkContext: Running Spark version 3.1.1
22/04/29 13:22:07 INFO ResourceUtils: ==============================================================
22/04/29 13:22:07 INFO ResourceUtils: No custom resources configured for spark.driver.
22/04/29 13:22:07 INFO ResourceUtils: ==============================================================
22/04/29 13:22:07 INFO SparkContext: Submitted application: PythonPi
22/04/29 13:22:07 INFO ResourceProfile: Default ResourceProfile created, executor resources: Map(cores -> name: cores, amount: 1, script: , vendor: , memory -> name: memory, amount: 512, script: , vendor: , offHeap -> name: offHeap, amount: 0, script: , vendor: ), task resources: Map(cpus -> name: cpus, amount: 1.0)
22/04/29 13:22:07 INFO ResourceProfile: Limiting resource is cpus at 1 tasks per executor
22/04/29 13:22:07 INFO ResourceProfileManager: Added ResourceProfile id: 0
22/04/29 13:22:08 INFO SecurityManager: Changing view acls to: 185,root
22/04/29 13:22:08 INFO SecurityManager: Changing modify acls to: 185,root
22/04/29 13:22:08 INFO SecurityManager: Changing view acls groups to: 
22/04/29 13:22:08 INFO SecurityManager: Changing modify acls groups to: 
22/04/29 13:22:08 INFO SecurityManager: SecurityManager: authentication disabled; ui acls disabled; users  with view permissions: Set(185, root); groups with view permissions: Set(); users  with modify permissions: Set(185, root); groups with modify permissions: Set()
22/04/29 13:22:08 INFO Utils: Successfully started service 'sparkDriver' on port 7078.
22/04/29 13:22:08 INFO SparkEnv: Registering MapOutputTracker
22/04/29 13:22:08 INFO SparkEnv: Registering BlockManagerMaster
22/04/29 13:22:08 INFO BlockManagerMasterEndpoint: Using org.apache.spark.storage.DefaultTopologyMapper for getting topology information
22/04/29 13:22:08 INFO BlockManagerMasterEndpoint: BlockManagerMasterEndpoint up
22/04/29 13:22:08 INFO SparkEnv: Registering BlockManagerMasterHeartbeat
22/04/29 13:22:08 INFO DiskBlockManager: Created local directory at /var/data/spark-2bc0d5fd-716a-4f60-ab03-2f51dfe8de32/blockmgr-f11a594f-a83c-4397-969f-e37621f67292
22/04/29 13:22:08 INFO MemoryStore: MemoryStore started with capacity 117.0 MiB
22/04/29 13:22:08 INFO SparkEnv: Registering OutputCommitCoordinator
22/04/29 13:22:08 INFO Utils: Successfully started service 'SparkUI' on port 4040.
22/04/29 13:22:08 INFO SparkUI: Bound SparkUI to 0.0.0.0, and started at http://job-pi-13-21-55-38454980757c4459-driver-svc.default.svc:4040
22/04/29 13:22:09 INFO SparkKubernetesClientFactory: Auto-configuring K8S client using current context from users K8S config file
22/04/29 13:22:11 INFO ExecutorPodsAllocator: Going to request 1 executors from Kubernetes for ResourceProfile Id: 0, target: 1 running: 0.
22/04/29 13:22:11 INFO BasicExecutorFeatureStep: Decommissioning not enabled, skipping shutdown script
22/04/29 13:22:11 INFO Utils: Successfully started service 'org.apache.spark.network.netty.NettyBlockTransferService' on port 7079.
22/04/29 13:22:11 INFO NettyBlockTransferService: Server created on job-pi-13-21-55-38454980757c4459-driver-svc.default.svc:7079
22/04/29 13:22:11 INFO BlockManager: Using org.apache.spark.storage.RandomBlockReplicationPolicy for block replication policy
22/04/29 13:22:11 INFO BlockManagerMaster: Registering BlockManager BlockManagerId(driver, job-pi-13-21-55-38454980757c4459-driver-svc.default.svc, 7079, None)
22/04/29 13:22:11 INFO BlockManagerMasterEndpoint: Registering block manager job-pi-13-21-55-38454980757c4459-driver-svc.default.svc:7079 with 117.0 MiB RAM, BlockManagerId(driver, job-pi-13-21-55-38454980757c4459-driver-svc.default.svc, 7079, None)
22/04/29 13:22:11 INFO BlockManagerMaster: Registered BlockManager BlockManagerId(driver, job-pi-13-21-55-38454980757c4459-driver-svc.default.svc, 7079, None)
22/04/29 13:22:11 INFO BlockManager: Initialized BlockManager: BlockManagerId(driver, job-pi-13-21-55-38454980757c4459-driver-svc.default.svc, 7079, None)
22/04/29 13:22:16 INFO KubernetesClusterSchedulerBackend$KubernetesDriverEndpoint: Registered executor NettyRpcEndpointRef(spark-client://Executor) (172.17.0.11:47152) with ID 1,  ResourceProfileId 0
22/04/29 13:22:16 INFO KubernetesClusterSchedulerBackend: SchedulerBackend is ready for scheduling beginning after reached minRegisteredResourcesRatio: 0.8
22/04/29 13:22:16 INFO BlockManagerMasterEndpoint: Registering block manager 172.17.0.11:33367 with 117.0 MiB RAM, BlockManagerId(1, 172.17.0.11, 33367, None)
22/04/29 13:22:17 INFO SharedState: Setting hive.metastore.warehouse.dir ('null') to the value of spark.sql.warehouse.dir ('file:/opt/spark/work-dir/spark-warehouse').
22/04/29 13:22:17 INFO SharedState: Warehouse path is 'file:/opt/spark/work-dir/spark-warehouse'.
22/04/29 13:22:19 INFO SparkContext: Starting job: reduce at /opt/spark/examples/src/main/python/pi.py:42
22/04/29 13:22:19 INFO DAGScheduler: Got job 0 (reduce at /opt/spark/examples/src/main/python/pi.py:42) with 2 output partitions
22/04/29 13:22:19 INFO DAGScheduler: Final stage: ResultStage 0 (reduce at /opt/spark/examples/src/main/python/pi.py:42)
22/04/29 13:22:19 INFO DAGScheduler: Parents of final stage: List()
22/04/29 13:22:19 INFO DAGScheduler: Missing parents: List()
22/04/29 13:22:19 INFO DAGScheduler: Submitting ResultStage 0 (PythonRDD[1] at reduce at /opt/spark/examples/src/main/python/pi.py:42), which has no missing parents
22/04/29 13:22:19 INFO MemoryStore: Block broadcast_0 stored as values in memory (estimated size 10.2 KiB, free 117.0 MiB)
22/04/29 13:22:19 INFO MemoryStore: Block broadcast_0_piece0 stored as bytes in memory (estimated size 7.8 KiB, free 116.9 MiB)
22/04/29 13:22:19 INFO BlockManagerInfo: Added broadcast_0_piece0 in memory on job-pi-13-21-55-38454980757c4459-driver-svc.default.svc:7079 (size: 7.8 KiB, free: 117.0 MiB)
22/04/29 13:22:19 INFO SparkContext: Created broadcast 0 from broadcast at DAGScheduler.scala:1383
22/04/29 13:22:19 INFO DAGScheduler: Submitting 2 missing tasks from ResultStage 0 (PythonRDD[1] at reduce at /opt/spark/examples/src/main/python/pi.py:42) (first 15 tasks are for partitions Vector(0, 1))
22/04/29 13:22:19 INFO TaskSchedulerImpl: Adding task set 0.0 with 2 tasks resource profile 0
22/04/29 13:22:19 INFO TaskSetManager: Starting task 0.0 in stage 0.0 (TID 0) (172.17.0.11, executor 1, partition 0, PROCESS_LOCAL, 4480 bytes) taskResourceAssignments Map()
22/04/29 13:22:20 INFO BlockManagerInfo: Added broadcast_0_piece0 in memory on 172.17.0.11:33367 (size: 7.8 KiB, free: 117.0 MiB)
22/04/29 13:22:20 INFO TaskSetManager: Starting task 1.0 in stage 0.0 (TID 1) (172.17.0.11, executor 1, partition 1, PROCESS_LOCAL, 4480 bytes) taskResourceAssignments Map()
22/04/29 13:22:20 INFO TaskSetManager: Finished task 0.0 in stage 0.0 (TID 0) in 1258 ms on 172.17.0.11 (executor 1) (1/2)
22/04/29 13:22:20 INFO PythonAccumulatorV2: Connected to AccumulatorServer at host: 127.0.0.1 port: 60293
22/04/29 13:22:21 INFO TaskSetManager: Finished task 1.0 in stage 0.0 (TID 1) in 200 ms on 172.17.0.11 (executor 1) (2/2)
22/04/29 13:22:21 INFO TaskSchedulerImpl: Removed TaskSet 0.0, whose tasks have all completed, from pool 
22/04/29 13:22:21 INFO DAGScheduler: ResultStage 0 (reduce at /opt/spark/examples/src/main/python/pi.py:42) finished in 1.690 s
22/04/29 13:22:21 INFO DAGScheduler: Job 0 is finished. Cancelling potential speculative or zombie tasks for this job
22/04/29 13:22:21 INFO TaskSchedulerImpl: Killing all running tasks in stage 0: Stage finished
22/04/29 13:22:21 INFO DAGScheduler: Job 0 finished: reduce at /opt/spark/examples/src/main/python/pi.py:42, took 1.788396 s
Pi is roughly 3.142240
22/04/29 13:22:21 INFO SparkUI: Stopped Spark web UI at http://job-pi-13-21-55-38454980757c4459-driver-svc.default.svc:4040
22/04/29 13:22:21 INFO KubernetesClusterSchedulerBackend: Shutting down all executors
22/04/29 13:22:21 INFO KubernetesClusterSchedulerBackend$KubernetesDriverEndpoint: Asking each executor to shut down
22/04/29 13:22:21 WARN ExecutorPodsWatchSnapshotSource: Kubernetes client has been closed (this is expected if the application is shutting down.)
22/04/29 13:22:21 INFO MapOutputTrackerMasterEndpoint: MapOutputTrackerMasterEndpoint stopped!
22/04/29 13:22:21 INFO MemoryStore: MemoryStore cleared
22/04/29 13:22:21 INFO BlockManager: BlockManager stopped
22/04/29 13:22:21 INFO BlockManagerMaster: BlockManagerMaster stopped
22/04/29 13:22:21 INFO OutputCommitCoordinator$OutputCommitCoordinatorEndpoint: OutputCommitCoordinator stopped!
22/04/29 13:22:21 INFO SparkContext: Successfully stopped SparkContext
22/04/29 13:22:22 INFO ShutdownHookManager: Shutdown hook called
22/04/29 13:22:22 INFO ShutdownHookManager: Deleting directory /var/data/spark-2bc0d5fd-716a-4f60-ab03-2f51dfe8de32/spark-7956588e-34ac-4ec1-9f2b-57dd0b4a80a9
22/04/29 13:22:22 INFO ShutdownHookManager: Deleting directory /tmp/spark-ba7bebe8-a144-4f04-b592-6b4bfd2a5779
22/04/29 13:22:22 INFO ShutdownHookManager: Deleting directory /var/data/spark-2bc0d5fd-716a-4f60-ab03-2f51dfe8de32/spark-7956588e-34ac-4ec1-9f2b-57dd0b4a80a9/pyspark-9d3ac3a6-3ca5-4b78-b00d-0649217617fb

[2022-04-29 13:23:07,804] {spark_kubernetes.py:115} INFO - Spark application ended successfully
[2022-04-29 13:23:07,804] {base.py:251} INFO - Success criteria met. Exiting.
[2022-04-29 13:23:07,821] {taskinstance.py:1282} INFO - Marking task as SUCCESS. dag_id=qqqq, task_id=monitor, execution_date=20220428T000000, start_date=20220429T132207, end_date=20220429T132307
[2022-04-29 13:23:07,870] {local_task_job.py:154} INFO - Task exited with return code 0
[2022-04-29 13:23:07,899] {local_task_job.py:264} INFO - 0 downstream tasks scheduled from follow-on schedule check
