[2022-04-29 13:21:56,032] {taskinstance.py:1037} INFO - Dependencies all met for <TaskInstance: qqqq.execute scheduled__2022-04-28T00:00:00+00:00 [queued]>
[2022-04-29 13:21:56,042] {taskinstance.py:1037} INFO - Dependencies all met for <TaskInstance: qqqq.execute scheduled__2022-04-28T00:00:00+00:00 [queued]>
[2022-04-29 13:21:56,043] {taskinstance.py:1243} INFO - 
--------------------------------------------------------------------------------
[2022-04-29 13:21:56,043] {taskinstance.py:1244} INFO - Starting attempt 1 of 1
[2022-04-29 13:21:56,043] {taskinstance.py:1245} INFO - 
--------------------------------------------------------------------------------
[2022-04-29 13:21:56,051] {taskinstance.py:1264} INFO - Executing <Task(SparkPedroOperator): execute> on 2022-04-28 00:00:00+00:00
[2022-04-29 13:21:56,055] {standard_task_runner.py:52} INFO - Started process 27 to run task
[2022-04-29 13:21:56,063] {standard_task_runner.py:76} INFO - Running: ['airflow', 'tasks', 'run', 'qqqq', 'execute', 'scheduled__2022-04-28T00:00:00+00:00', '--job-id', '19', '--raw', '--subdir', 'DAGS_FOLDER/sp_rodaporfavor.py', '--cfg-path', '/tmp/tmpson6oahp', '--error-file', '/tmp/tmpp5huzhvs']
[2022-04-29 13:21:56,065] {standard_task_runner.py:77} INFO - Job 19: Subtask execute
[2022-04-29 13:21:56,144] {logging_mixin.py:109} INFO - Running <TaskInstance: qqqq.execute scheduled__2022-04-28T00:00:00+00:00 [running]> on host qqqqexecute.c75bc6fdeccc472d820e8f0cf9f2e109
[2022-04-29 13:21:56,241] {taskinstance.py:1431} INFO - Exporting the following env vars:
AIRFLOW_CTX_DAG_OWNER=airflow
AIRFLOW_CTX_DAG_ID=qqqq
AIRFLOW_CTX_TASK_ID=execute
AIRFLOW_CTX_EXECUTION_DATE=2022-04-28T00:00:00+00:00
AIRFLOW_CTX_DAG_RUN_ID=scheduled__2022-04-28T00:00:00+00:00
[2022-04-29 13:21:56,242] {logging_mixin.py:109} INFO - opa
[2022-04-29 13:21:56,243] {sp_rodaporfavor.py:55} INFO - Creating sparkApplication
[2022-04-29 13:21:56,243] {logging_mixin.py:109} INFO - eae
[2022-04-29 13:21:56,243] {logging_mixin.py:109} INFO - hmm
[2022-04-29 13:21:56,272] {logging_mixin.py:109} INFO - oxe
[2022-04-29 13:21:56,335] {taskinstance.py:1282} INFO - Marking task as SUCCESS. dag_id=qqqq, task_id=execute, execution_date=20220428T000000, start_date=20220429T132156, end_date=20220429T132156
[2022-04-29 13:21:56,375] {local_task_job.py:154} INFO - Task exited with return code 0
[2022-04-29 13:21:56,464] {local_task_job.py:264} INFO - 1 downstream tasks scheduled from follow-on schedule check
