[2022-04-28 21:45:24,883] {taskinstance.py:1037} INFO - Dependencies all met for <TaskInstance: qqqq.execute scheduled__2022-04-26T00:00:00+00:00 [queued]>
[2022-04-28 21:45:24,891] {taskinstance.py:1037} INFO - Dependencies all met for <TaskInstance: qqqq.execute scheduled__2022-04-26T00:00:00+00:00 [queued]>
[2022-04-28 21:45:24,892] {taskinstance.py:1243} INFO - 
--------------------------------------------------------------------------------
[2022-04-28 21:45:24,892] {taskinstance.py:1244} INFO - Starting attempt 4 of 4
[2022-04-28 21:45:24,893] {taskinstance.py:1245} INFO - 
--------------------------------------------------------------------------------
[2022-04-28 21:45:24,901] {taskinstance.py:1264} INFO - Executing <Task(SparkPedroOperator): execute> on 2022-04-26 00:00:00+00:00
[2022-04-28 21:45:24,906] {standard_task_runner.py:52} INFO - Started process 27 to run task
[2022-04-28 21:45:24,910] {standard_task_runner.py:76} INFO - Running: ['airflow', 'tasks', 'run', 'qqqq', 'execute', 'scheduled__2022-04-26T00:00:00+00:00', '--job-id', '7', '--raw', '--subdir', 'DAGS_FOLDER/sp_rodaporfavor.py', '--cfg-path', '/tmp/tmpfsvq2zsb', '--error-file', '/tmp/tmpi10j01a0']
[2022-04-28 21:45:24,911] {standard_task_runner.py:77} INFO - Job 7: Subtask execute
[2022-04-28 21:45:24,980] {logging_mixin.py:109} INFO - Running <TaskInstance: qqqq.execute scheduled__2022-04-26T00:00:00+00:00 [running]> on host qqqqexecute.0f0ae305d9364256bc9add5c0da0bd99
[2022-04-28 21:45:25,063] {taskinstance.py:1431} INFO - Exporting the following env vars:
AIRFLOW_CTX_DAG_OWNER=airflow
AIRFLOW_CTX_DAG_ID=qqqq
AIRFLOW_CTX_TASK_ID=execute
AIRFLOW_CTX_EXECUTION_DATE=2022-04-26T00:00:00+00:00
AIRFLOW_CTX_DAG_RUN_ID=scheduled__2022-04-26T00:00:00+00:00
[2022-04-28 21:45:25,064] {logging_mixin.py:109} INFO - opa
[2022-04-28 21:45:25,064] {sp_rodaporfavor.py:55} INFO - Creating sparkApplication
[2022-04-28 21:45:25,065] {logging_mixin.py:109} INFO - eae
[2022-04-28 21:45:25,065] {logging_mixin.py:109} INFO - hmm
[2022-04-28 21:45:25,099] {logging_mixin.py:109} INFO - oxe
[2022-04-28 21:45:25,154] {taskinstance.py:1282} INFO - Marking task as SUCCESS. dag_id=qqqq, task_id=execute, execution_date=20220426T000000, start_date=20220428T214524, end_date=20220428T214525
[2022-04-28 21:45:25,209] {local_task_job.py:154} INFO - Task exited with return code 0
[2022-04-28 21:45:25,276] {local_task_job.py:264} INFO - 1 downstream tasks scheduled from follow-on schedule check
