[2022-04-28 21:51:21,547] {taskinstance.py:1037} INFO - Dependencies all met for <TaskInstance: qqqq.execute scheduled__2022-04-26T00:00:00+00:00 [queued]>
[2022-04-28 21:51:21,560] {taskinstance.py:1037} INFO - Dependencies all met for <TaskInstance: qqqq.execute scheduled__2022-04-26T00:00:00+00:00 [queued]>
[2022-04-28 21:51:21,560] {taskinstance.py:1243} INFO - 
--------------------------------------------------------------------------------
[2022-04-28 21:51:21,561] {taskinstance.py:1244} INFO - Starting attempt 6 of 6
[2022-04-28 21:51:21,561] {taskinstance.py:1245} INFO - 
--------------------------------------------------------------------------------
[2022-04-28 21:51:21,575] {taskinstance.py:1264} INFO - Executing <Task(SparkPedroOperator): execute> on 2022-04-26 00:00:00+00:00
[2022-04-28 21:51:21,597] {standard_task_runner.py:52} INFO - Started process 26 to run task
[2022-04-28 21:51:21,600] {standard_task_runner.py:76} INFO - Running: ['airflow', 'tasks', 'run', 'qqqq', 'execute', 'scheduled__2022-04-26T00:00:00+00:00', '--job-id', '11', '--raw', '--subdir', 'DAGS_FOLDER/sp_rodaporfavor.py', '--cfg-path', '/tmp/tmpsv3ds__i', '--error-file', '/tmp/tmpw9g5ik5a']
[2022-04-28 21:51:21,602] {standard_task_runner.py:77} INFO - Job 11: Subtask execute
[2022-04-28 21:51:21,665] {logging_mixin.py:109} INFO - Running <TaskInstance: qqqq.execute scheduled__2022-04-26T00:00:00+00:00 [running]> on host qqqqexecute.9ef39ea764904588adf6fcea8f44bbbc
[2022-04-28 21:51:21,762] {taskinstance.py:1431} INFO - Exporting the following env vars:
AIRFLOW_CTX_DAG_OWNER=airflow
AIRFLOW_CTX_DAG_ID=qqqq
AIRFLOW_CTX_TASK_ID=execute
AIRFLOW_CTX_EXECUTION_DATE=2022-04-26T00:00:00+00:00
AIRFLOW_CTX_DAG_RUN_ID=scheduled__2022-04-26T00:00:00+00:00
[2022-04-28 21:51:21,763] {logging_mixin.py:109} INFO - opa
[2022-04-28 21:51:21,763] {sp_rodaporfavor.py:55} INFO - Creating sparkApplication
[2022-04-28 21:51:21,763] {logging_mixin.py:109} INFO - eae
[2022-04-28 21:51:21,764] {logging_mixin.py:109} INFO - hmm
[2022-04-28 21:51:21,833] {logging_mixin.py:109} INFO - oxe
[2022-04-28 21:51:21,884] {taskinstance.py:1282} INFO - Marking task as SUCCESS. dag_id=qqqq, task_id=execute, execution_date=20220426T000000, start_date=20220428T215121, end_date=20220428T215121
[2022-04-28 21:51:21,902] {local_task_job.py:154} INFO - Task exited with return code 0
[2022-04-28 21:51:21,952] {local_task_job.py:264} INFO - 1 downstream tasks scheduled from follow-on schedule check
