[2022-04-28 21:53:49,791] {taskinstance.py:1037} INFO - Dependencies all met for <TaskInstance: qqqq.execute scheduled__2022-04-26T00:00:00+00:00 [queued]>
[2022-04-28 21:53:49,799] {taskinstance.py:1037} INFO - Dependencies all met for <TaskInstance: qqqq.execute scheduled__2022-04-26T00:00:00+00:00 [queued]>
[2022-04-28 21:53:49,800] {taskinstance.py:1243} INFO - 
--------------------------------------------------------------------------------
[2022-04-28 21:53:49,800] {taskinstance.py:1244} INFO - Starting attempt 7 of 7
[2022-04-28 21:53:49,801] {taskinstance.py:1245} INFO - 
--------------------------------------------------------------------------------
[2022-04-28 21:53:49,809] {taskinstance.py:1264} INFO - Executing <Task(SparkPedroOperator): execute> on 2022-04-26 00:00:00+00:00
[2022-04-28 21:53:49,813] {standard_task_runner.py:52} INFO - Started process 27 to run task
[2022-04-28 21:53:49,817] {standard_task_runner.py:76} INFO - Running: ['airflow', 'tasks', 'run', 'qqqq', 'execute', 'scheduled__2022-04-26T00:00:00+00:00', '--job-id', '13', '--raw', '--subdir', 'DAGS_FOLDER/sp_rodaporfavor.py', '--cfg-path', '/tmp/tmp0bp848fp', '--error-file', '/tmp/tmp01xjht8o']
[2022-04-28 21:53:49,818] {standard_task_runner.py:77} INFO - Job 13: Subtask execute
[2022-04-28 21:53:49,874] {logging_mixin.py:109} INFO - Running <TaskInstance: qqqq.execute scheduled__2022-04-26T00:00:00+00:00 [running]> on host qqqqexecute.b07b4d2aef6643f6ab152d82c75271f1
[2022-04-28 21:53:49,956] {taskinstance.py:1431} INFO - Exporting the following env vars:
AIRFLOW_CTX_DAG_OWNER=airflow
AIRFLOW_CTX_DAG_ID=qqqq
AIRFLOW_CTX_TASK_ID=execute
AIRFLOW_CTX_EXECUTION_DATE=2022-04-26T00:00:00+00:00
AIRFLOW_CTX_DAG_RUN_ID=scheduled__2022-04-26T00:00:00+00:00
[2022-04-28 21:53:49,957] {logging_mixin.py:109} INFO - opa
[2022-04-28 21:53:49,957] {sp_rodaporfavor.py:55} INFO - Creating sparkApplication
[2022-04-28 21:53:49,958] {logging_mixin.py:109} INFO - eae
[2022-04-28 21:53:49,958] {logging_mixin.py:109} INFO - hmm
[2022-04-28 21:53:49,998] {logging_mixin.py:109} INFO - oxe
[2022-04-28 21:53:50,038] {taskinstance.py:1282} INFO - Marking task as SUCCESS. dag_id=qqqq, task_id=execute, execution_date=20220426T000000, start_date=20220428T215349, end_date=20220428T215350
[2022-04-28 21:53:50,159] {local_task_job.py:154} INFO - Task exited with return code 0
[2022-04-28 21:53:50,264] {local_task_job.py:264} INFO - 1 downstream tasks scheduled from follow-on schedule check
